<?xml version="1.0" encoding="UTF-8"?>
<!-- Generated by org.testng.reporters.JUnitReportReporter -->
<testsuite hostname="LAPTOP-0FD1O0AP" failures="0" tests="1" name="com.qa.Tests.LoginPageTest" time="45.190" errors="0" timestamp="2023-02-11T17:19:42 IST" skipped="0">
  <testcase classname="com.qa.Tests.LoginPageTest" name="verifyLogin" time="45.190"/>
</testsuite> <!-- com.qa.Tests.LoginPageTest -->
