<?xml version="1.0" encoding="UTF-8"?>
<!-- Generated by org.testng.reporters.JUnitReportReporter -->
<testsuite hostname="Shivani" failures="0" tests="4" name="com.qa.Tests.InventoryPageTest" time="58.427" errors="0" timestamp="2023-02-09T12:46:36 IST" skipped="0">
  <testcase classname="com.qa.Tests.InventoryPageTest" name="verifyPriceLowToHighDropdownOptionTest" time="9.722"/>
  <testcase classname="com.qa.Tests.InventoryPageTest" name="verifyItemAddedToCartTest" time="13.637"/>
  <testcase classname="com.qa.Tests.InventoryPageTest" name="verifyCartCountTest" time="23.785"/>
  <testcase classname="com.qa.Tests.InventoryPageTest" name="verifyItemRemovesFromCart" time="11.283"/>
</testsuite> <!-- com.qa.Tests.InventoryPageTest -->
