<?xml version="1.0" encoding="UTF-8"?>
<!-- Generated by org.testng.reporters.JUnitReportReporter -->
<testsuite hostname="LAPTOP-0FD1O0AP" failures="0" tests="4" name="com.qa.Tests.InventoryPageTest" time="161.433" errors="0" timestamp="2023-02-08T08:01:37 IST" skipped="0">
  <testcase classname="com.qa.Tests.InventoryPageTest" name="verifyPriceLowToHighDropdownOptionTest" time="11.981"/>
  <testcase classname="com.qa.Tests.InventoryPageTest" name="verifyCartCountTest" time="24.964"/>
  <testcase classname="com.qa.Tests.InventoryPageTest" name="verifyItemAddedToCartTest" time="21.697"/>
  <testcase classname="com.qa.Tests.InventoryPageTest" name="verifyItemRemovesFromCart" time="102.791"/>
</testsuite> <!-- com.qa.Tests.InventoryPageTest -->
