<?xml version="1.0" encoding="UTF-8"?>
<!-- Generated by org.testng.reporters.JUnitReportReporter -->
<testsuite hostname="LAPTOP-0FD1O0AP" failures="0" tests="10" name="com.qa.Tests.LoginPageTest" time="117.111" errors="0" timestamp="2023-02-11T16:31:10 IST" skipped="0">
  <testcase classname="com.qa.Tests.LoginPageTest" name="verifyBoatLogoTest" time="8.934"/>
  <testcase classname="com.qa.Tests.LoginPageTest" name="verifyErrorMessageForWrongCredentials" time="11.702"/>
  <testcase classname="com.qa.Tests.LoginPageTest" name="verifyLoginLogoTest" time="9.255"/>
  <testcase classname="com.qa.Tests.LoginPageTest" name="verifyErrorMessageForUsername" time="19.759"/>
  <testcase classname="com.qa.Tests.LoginPageTest" name="verifyErrorMessageForPassword" time="20.451"/>
  <testcase classname="com.qa.Tests.LoginPageTest" name="verifyLoginPageURL" time="9.410"/>
  <testcase classname="com.qa.Tests.LoginPageTest" name="verifyLogin" time="10.343"/>
  <testcase classname="com.qa.Tests.LoginPageTest" name="verifyLoginPageTitle" time="11.268"/>
  <testcase classname="com.qa.Tests.LoginPageTest" name="verifyPassword" time="7.608"/>
  <testcase classname="com.qa.Tests.LoginPageTest" name="verifyUsername" time="8.381"/>
</testsuite> <!-- com.qa.Tests.LoginPageTest -->
