<?xml version="1.0" encoding="UTF-8"?>
<!-- Generated by org.testng.reporters.JUnitReportReporter -->
<testsuite hostname="LAPTOP-0FD1O0AP" failures="0" tests="10" name="com.qa.Tests.LoginPageTest" time="113.297" errors="0" timestamp="2023-02-08T08:01:37 IST" skipped="0">
  <testcase classname="com.qa.Tests.LoginPageTest" name="verifyUsername" time="9.756"/>
  <testcase classname="com.qa.Tests.LoginPageTest" name="verifyBoatLogoTest" time="8.690"/>
  <testcase classname="com.qa.Tests.LoginPageTest" name="verifyPassword" time="7.631"/>
  <testcase classname="com.qa.Tests.LoginPageTest" name="verifyLogin" time="12.003"/>
  <testcase classname="com.qa.Tests.LoginPageTest" name="verifyLoginLogoTest" time="9.753"/>
  <testcase classname="com.qa.Tests.LoginPageTest" name="verifyErrorMessageForUsername" time="9.935"/>
  <testcase classname="com.qa.Tests.LoginPageTest" name="verifyLoginPageTitle" time="13.717"/>
  <testcase classname="com.qa.Tests.LoginPageTest" name="verifyErrorMessageForPassword" time="14.950"/>
  <testcase classname="com.qa.Tests.LoginPageTest" name="verifyLoginPageURL" time="13.110"/>
  <testcase classname="com.qa.Tests.LoginPageTest" name="verifyErrorMessageForWrongCredentials" time="13.752"/>
</testsuite> <!-- com.qa.Tests.LoginPageTest -->
