<?xml version="1.0" encoding="UTF-8"?>
<!-- Generated by org.testng.reporters.JUnitReportReporter -->
<testsuite hostname="LAPTOP-0FD1O0AP" failures="0" tests="4" name="com.qa.Tests.InventoryPageTest" time="158.061" errors="0" timestamp="2023-02-11T16:31:10 IST" skipped="0">
  <testcase classname="com.qa.Tests.InventoryPageTest" name="verifyPriceLowToHighDropdownOptionTest" time="56.959"/>
  <testcase classname="com.qa.Tests.InventoryPageTest" name="verifyItemRemovesFromCart" time="25.259"/>
  <testcase classname="com.qa.Tests.InventoryPageTest" name="verifyItemAddedToCartTest" time="16.270"/>
  <testcase classname="com.qa.Tests.InventoryPageTest" name="verifyCartCountTest" time="59.573"/>
</testsuite> <!-- com.qa.Tests.InventoryPageTest -->
